#
# There is insufficient memory for the Java Runtime Environment to continue.
# Native memory allocation (malloc) failed to allocate 1048576 bytes for AllocateHeap
# Possible reasons:
#   The system is out of physical RAM or swap space
#   The process is running with CompressedOops enabled, and the Java Heap may be blocking the growth of the native heap
# Possible solutions:
#   Reduce memory load on the system
#   Increase physical memory or swap space
#   Check if swap backing store is full
#   Decrease Java heap size (-Xmx/-Xms)
#   Decrease number of Java threads
#   Decrease Java thread stack sizes (-Xss)
#   Set larger code cache with -XX:ReservedCodeCacheSize=
#   JVM is running with Unscaled Compressed Oops mode in which the Java heap is
#     placed in the first 4GB address space. The Java Heap base address is the
#     maximum limit for the native heap growth. Please use -XX:HeapBaseMinAddress
#     to set the Java Heap base and to place the Java Heap above 4GB virtual address.
# This output file may be truncated or incomplete.
#
#  Out of Memory Error (allocation.cpp:44), pid=11112, tid=4740
#
# JRE version:  (17.0.6+10) (build )
# Java VM: OpenJDK 64-Bit Server VM (17.0.6+10-b829.9, mixed mode, sharing, tiered, compressed oops, compressed class ptrs, g1 gc, windows-amd64)
# No core dump will be written. Minidumps are not enabled by default on client versions of Windows
#

---------------  S U M M A R Y ------------

Command Line: git4idea.http.GitAskPassApp Username for 'https://github.com': 

Host: Intel(R) Core(TM) i7-2630QM CPU @ 2.00GHz, 8 cores, 5G,  Windows 10 , 64 bit Build 19041 (10.0.19041.1503)
Time: Sat Aug 26 00:28:03 2023 RTZ 2 (s 10 , 64 bit Build 19041 (10.0.19041.1503) elapsed time: 0.021647 seconds (0d 0h 0m 0s)

---------------  T H R E A D  ---------------

Current thread (0x0000024a0b8e1b10):  JavaThread "Unknown thread" [_thread_in_vm, id=4740, stack(0x000000a5ac400000,0x000000a5ac500000)]

Stack: [0x000000a5ac400000,0x000000a5ac500000]
Native frames: (J=compiled Java code, j=interpreted, Vv=VM code, C=native code)
V  [jvm.dll+0x683c5a]
V  [jvm.dll+0x842764]
V  [jvm.dll+0x843f5e]
V  [jvm.dll+0x8445c3]
V  [jvm.dll+0x249b75]
V  [jvm.dll+0xa641f]
V  [jvm.dll+0x2e8e27]
V  [jvm.dll+0x2e0b3b]
V  [jvm.dll+0x814051]
V  [jvm.dll+0x36e6a1]
V  [jvm.dll+0x7f358c]
V  [jvm.dll+0x3f0e8f]
V  [jvm.dll+0x3f29d1]
C  [jli.dll+0x526b]
C  [ucrtbase.dll+0x21bb2]
C  [KERNEL32.DLL+0x17034]
C  [ntdll.dll+0x52651]


---------------  P R O C E S S  ---------------

Threads class SMR info:
_java_thread_list=0x00007ffb8f97c058, length=0, elements={
}

Java Threads: ( => current thread )

Other Threads:
  0x0000024a0b92ce30 GCTaskThread "GC Thread#0" [stack: 0x000000a5ac500000,0x000000a5ac600000] [id=11696]

[error occurred during error reporting (printing all threads), id 0xc0000005, EXCEPTION_ACCESS_VIOLATION (0xc0000005) at pc=0x00007ffb8f12dd70]

VM state: not at safepoint (not fully initialized)

VM Mutex/Monitor currently owned by a thread:  ([mutex/lock_event])
[0x0000024a0b8db7b0] Heap_lock - owner thread: 0x0000024a0b8e1b10

Heap address: 0x00000000a0400000, size: 1532 MB, Compressed Oops mode: 32-bit

CDS archive(s) mapped at: [0x0000000000000000-0x0000000000000000-0x0000000000000000), size 0, SharedBaseAddress: 0x0000000800000000, ArchiveRelocationMode: 0.
Narrow klass base: 0x0000000000000000, Narrow klass shift: 0, Narrow klass range: 0x0

GC Precious Log:
<Empty>

Heap:
 garbage-first heap   total 0K, used 0K [0x00000000a0400000, 0x0000000100000000)
  region size 1024K, 0 young (0K), 0 survivors (0K)

[error occurred during error reporting (printing heap information), id 0xc0000005, EXCEPTION_ACCESS_VIOLATION (0xc0000005) at pc=0x00007ffb8f51da49]

GC Heap History (0 events):
No events

Dll operation events (1 events):
Event: 0.014 Loaded shared library C:\Program Files\JetBrains\PyCharm Community Edition 2023.1.2\jbr\bin\java.dll

Deoptimization events (0 events):
No events

Classes unloaded (0 events):
No events

Classes redefined (0 events):
No events

Internal exceptions (0 events):
No events

VM Operations (0 events):
No events

Events (0 events):
No events


Dynamic libraries:
0x00007ff711e70000 - 0x00007ff711e7a000 	C:\Program Files\JetBrains\PyCharm Community Edition 2023.1.2\jbr\bin\java.exe
0x00007ffbd0bb0000 - 0x00007ffbd0da5000 	C:\Windows\SYSTEM32\ntdll.dll
0x00007ffba3cd0000 - 0x00007ffba3ce9000 	C:\Program Files\AVAST Software\Avast\aswhook.dll
0x00007ffbcf250000 - 0x00007ffbcf30e000 	C:\Windows\System32\KERNEL32.DLL
0x00007ffbce720000 - 0x00007ffbce9e8000 	C:\Windows\System32\KERNELBASE.dll
0x00007ffbcea70000 - 0x00007ffbceb70000 	C:\Windows\System32\ucrtbase.dll
0x00007ffbc59f0000 - 0x00007ffbc5a07000 	C:\Program Files\JetBrains\PyCharm Community Edition 2023.1.2\jbr\bin\jli.dll
0x00007ffbcecf0000 - 0x00007ffbcee90000 	C:\Windows\System32\USER32.dll
0x00007ffbce9f0000 - 0x00007ffbcea12000 	C:\Windows\System32\win32u.dll
0x00007ffbc0720000 - 0x00007ffbc09ba000 	C:\Windows\WinSxS\amd64_microsoft.windows.common-controls_6595b64144ccf1df_6.0.19041.1110_none_60b5254171f9507e\COMCTL32.dll
0x00007ffbcfcc0000 - 0x00007ffbcfceb000 	C:\Windows\System32\GDI32.dll
0x00007ffbcf710000 - 0x00007ffbcf7ae000 	C:\Windows\System32\msvcrt.dll
0x00007ffbce370000 - 0x00007ffbce47d000 	C:\Windows\System32\gdi32full.dll
0x00007ffbce680000 - 0x00007ffbce71d000 	C:\Windows\System32\msvcp_win.dll
0x00007ffbb1ea0000 - 0x00007ffbb1ebb000 	C:\Program Files\JetBrains\PyCharm Community Edition 2023.1.2\jbr\bin\VCRUNTIME140.dll
0x00007ffbcf500000 - 0x00007ffbcf530000 	C:\Windows\System32\IMM32.DLL
0x00007ffbc5ab0000 - 0x00007ffbc5abc000 	C:\Program Files\JetBrains\PyCharm Community Edition 2023.1.2\jbr\bin\vcruntime140_1.dll
0x00007ffba0c10000 - 0x00007ffba0c9d000 	C:\Program Files\JetBrains\PyCharm Community Edition 2023.1.2\jbr\bin\msvcp140.dll
0x00007ffb8ee40000 - 0x00007ffb8faae000 	C:\Program Files\JetBrains\PyCharm Community Edition 2023.1.2\jbr\bin\server\jvm.dll
0x00007ffbd0ac0000 - 0x00007ffbd0b6e000 	C:\Windows\System32\ADVAPI32.dll
0x00007ffbcf020000 - 0x00007ffbcf0bc000 	C:\Windows\System32\sechost.dll
0x00007ffbcf5e0000 - 0x00007ffbcf705000 	C:\Windows\System32\RPCRT4.dll
0x00007ffbc19e0000 - 0x00007ffbc1a07000 	C:\Windows\SYSTEM32\WINMM.dll
0x00007ffbbd680000 - 0x00007ffbbd689000 	C:\Windows\SYSTEM32\WSOCK32.dll
0x00007ffbc6c50000 - 0x00007ffbc6c5a000 	C:\Windows\SYSTEM32\VERSION.dll
0x00007ffbcefb0000 - 0x00007ffbcf01b000 	C:\Windows\System32\WS2_32.dll
0x00007ffbcc170000 - 0x00007ffbcc182000 	C:\Windows\SYSTEM32\kernel.appcore.dll
0x00007ffbcba60000 - 0x00007ffbcba6a000 	C:\Program Files\JetBrains\PyCharm Community Edition 2023.1.2\jbr\bin\jimage.dll
0x00007ffbbe910000 - 0x00007ffbbeaf4000 	C:\Windows\SYSTEM32\DBGHELP.DLL
0x00007ffbbe650000 - 0x00007ffbbe67c000 	C:\Windows\SYSTEM32\dbgcore.DLL
0x00007ffbceb70000 - 0x00007ffbcebf2000 	C:\Windows\System32\bcryptPrimitives.dll
0x00007ffbcb9d0000 - 0x00007ffbcb9f5000 	C:\Program Files\JetBrains\PyCharm Community Edition 2023.1.2\jbr\bin\java.dll

dbghelp: loaded successfully - version: 4.0.5 - missing functions: none
symbol engine: initialized successfully - sym options: 0x614 - pdb path: .;C:\Program Files\JetBrains\PyCharm Community Edition 2023.1.2\jbr\bin;C:\Windows\SYSTEM32;C:\Program Files\AVAST Software\Avast;C:\Windows\WinSxS\amd64_microsoft.windows.common-controls_6595b64144ccf1df_6.0.19041.1110_none_60b5254171f9507e;C:\Program Files\JetBrains\PyCharm Community Edition 2023.1.2\jbr\bin\server

VM Arguments:
java_command: git4idea.http.GitAskPassApp Username for 'https://github.com': 
java_class_path (initial): C:/Program Files/JetBrains/PyCharm Community Edition 2023.1.2/plugins/vcs-git/lib/git4idea-rt.jar;C:/Program Files/JetBrains/PyCharm Community Edition 2023.1.2/lib/externalProcess-rt.jar
Launcher Type: SUN_STANDARD

[Global flags]
     intx CICompilerCount                          = 4                                         {product} {ergonomic}
     uint ConcGCThreads                            = 2                                         {product} {ergonomic}
     uint G1ConcRefinementThreads                  = 8                                         {product} {ergonomic}
   size_t G1HeapRegionSize                         = 1048576                                   {product} {ergonomic}
    uintx GCDrainStackTargetSize                   = 64                                        {product} {ergonomic}
   size_t InitialHeapSize                          = 100663296                                 {product} {ergonomic}
   size_t MarkStackSize                            = 4194304                                   {product} {ergonomic}
   size_t MaxHeapSize                              = 1606418432                                {product} {ergonomic}
   size_t MinHeapDeltaBytes                        = 1048576                                   {product} {ergonomic}
   size_t MinHeapSize                              = 8388608                                   {product} {ergonomic}
    uintx NonNMethodCodeHeapSize                   = 5839372                                {pd product} {ergonomic}
    uintx NonProfiledCodeHeapSize                  = 122909434                              {pd product} {ergonomic}
    uintx ProfiledCodeHeapSize                     = 122909434                              {pd product} {ergonomic}
    uintx ReservedCodeCacheSize                    = 251658240                              {pd product} {ergonomic}
     bool SegmentedCodeCache                       = true                                      {product} {ergonomic}
   size_t SoftMaxHeapSize                          = 1606418432                             {manageable} {ergonomic}
     bool UseCompressedClassPointers               = true                           {product lp64_product} {ergonomic}
     bool UseCompressedOops                        = true                           {product lp64_product} {ergonomic}
     bool UseG1GC                                  = true                                      {product} {ergonomic}
     bool UseLargePagesIndividualAllocation        = false                                  {pd product} {ergonomic}

Logging:
Log output configuration:
 #0: stdout all=warning uptime,level,tags
 #1: stderr all=off uptime,level,tags

Environment Variables:
PATH=C:\Program Files\Git\mingw64\libexec\git-core;C:\Program Files\Git\mingw64\libexec\git-core;C:\Program Files\Git\mingw64\bin;C:\Program Files\Git\usr\bin;C:\Users\admin\bin;C:\Program Files (x86)\Common Files\Oracle\Java\javapath;C:\ProgramData\Oracle\Java\javapath;C:\Windows\system32;C:\Windows;C:\Windows\System32\Wbem;C:\Windows\System32\WindowsPowerShell\v1.0;C:\Windows\System32\OpenSSH;C:\Program Files (x86)\NVIDIA Corporation\PhysX\Common;C:\Program Files\Microsoft SQL Server\120\Tools\Binn;Ñ;C:\Program Files\Git\Python33";C:\Program Files\Git\cmd;C:\Users\admin\AppData\Local\Programs\Python\Python311\Scripts;C:\Users\admin\AppData\Local\Programs\Python\Python311;C:\Users\admin\AppData\Local\Microsoft\WindowsApps;C:\ProgramData\admin\atom\bin;C:\Users\admin\Desktop\IntelliJ IDEA Community Edition 2022.2.3\bin;C:\Program Files\JetBrains\IntelliJ IDEA Community Edition 2022.2.3\bin;C:\Users\admin\AppData\Local\Programs\Microsoft VS Code\bin;C:\Program Files\JetBrains\PyCharm Community Edition 2023.1.2\bin
USERNAME=admin
DISPLAY=:0.0
LC_ALL=en_US.UTF-8
TERM=xterm-256color
TMPDIR=C:\Users\admin\AppData\Local\Temp
OS=Windows_NT
PROCESSOR_IDENTIFIER=Intel64 Family 6 Model 42 Stepping 7, GenuineIntel
TMP=C:\Users\admin\AppData\Local\Temp
TEMP=C:\Users\admin\AppData\Local\Temp


JNI global refs:

[error occurred during error reporting (JNI global references), id 0xc0000005, EXCEPTION_ACCESS_VIOLATION (0xc0000005) at pc=0x00007ffb8eef7a10]


---------------  S Y S T E M  ---------------

OS:
 Windows 10 , 64 bit Build 19041 (10.0.19041.1503)
OS uptime: 0 days 6:39 hours
Hyper-V role detected

CPU: total 8 (initial active 8) (4 cores per cpu, 2 threads per core) family 6 model 42 stepping 7 microcode 0x2f, cx8, cmov, fxsr, ht, mmx, sse, sse2, sse3, ssse3, sse4.1, sse4.2, popcnt, tsc, tscinvbit, avx, aes, clmul, vzeroupper, clflush, hv

Memory: 4k page, system-wide physical 6121M (1065M free)
TotalPageFile size 8169M (AvailPageFile size 5M)
current process WorkingSet (physical memory assigned to process): 10M, peak: 10M
current process commit charge ("private bytes"): 51M, peak: 52M

vm_info: OpenJDK 64-Bit Server VM (17.0.6+10-b829.9) for windows-amd64 JRE (17.0.6+10-b829.9), built on 2023-04-09 by "builduser" with MS VC++ 16.10 / 16.11 (VS2019)

END.
